The system is: Linux - 4.4.0-22-generic - x86_64
Compiling the C compiler identification source file "CMakeCCompilerId.c" succeeded.
Compiler: /usr/bin/cc 
Build flags: 
Id flags: 

The output was:
0


Compilation of the C compiler identification source "CMakeCCompilerId.c" produced "a.out"

The C compiler identification is GNU, found in "/data/git/DSA/lab3/build/CMakeFiles/3.5.1/CompilerIdC/a.out"

Compiling the CXX compiler identification source file "CMakeCXXCompilerId.cpp" succeeded.
Compiler: /usr/bin/c++ 
Build flags: 
Id flags: 

The output was:
0


Compilation of the CXX compiler identification source "CMakeCXXCompilerId.cpp" produced "a.out"

The CXX compiler identification is GNU, found in "/data/git/DSA/lab3/build/CMakeFiles/3.5.1/CompilerIdCXX/a.out"

Determining if the C compiler works passed with the following output:
Change Dir: /data/git/DSA/lab3/build/CMakeFiles/CMakeTmp

Run Build Command:"/usr/bin/make" "cmTC_8afdb/fast"
/usr/bin/make -f CMakeFiles/cmTC_8afdb.dir/build.make CMakeFiles/cmTC_8afdb.dir/build
make[1]: вход в каталог «/data/git/DSA/lab3/build/CMakeFiles/CMakeTmp»
Building C object CMakeFiles/cmTC_8afdb.dir/testCCompiler.c.o
/usr/bin/cc     -o CMakeFiles/cmTC_8afdb.dir/testCCompiler.c.o   -c /data/git/DSA/lab3/build/CMakeFiles/CMakeTmp/testCCompiler.c
Linking C executable cmTC_8afdb
/usr/bin/cmake -E cmake_link_script CMakeFiles/cmTC_8afdb.dir/link.txt --verbose=1
/usr/bin/cc       CMakeFiles/cmTC_8afdb.dir/testCCompiler.c.o  -o cmTC_8afdb -rdynamic 
make[1]: выход из каталога «/data/git/DSA/lab3/build/CMakeFiles/CMakeTmp»


Determining if the CXX compiler works passed with the following output:
Change Dir: /data/git/DSA/lab3/build/CMakeFiles/CMakeTmp

Run Build Command:"/usr/bin/make" "cmTC_507f3/fast"
/usr/bin/make -f CMakeFiles/cmTC_507f3.dir/build.make CMakeFiles/cmTC_507f3.dir/build
make[1]: вход в каталог «/data/git/DSA/lab3/build/CMakeFiles/CMakeTmp»
Building CXX object CMakeFiles/cmTC_507f3.dir/testCXXCompiler.cxx.o
/usr/bin/c++      -o CMakeFiles/cmTC_507f3.dir/testCXXCompiler.cxx.o -c /data/git/DSA/lab3/build/CMakeFiles/CMakeTmp/testCXXCompiler.cxx
Linking CXX executable cmTC_507f3
/usr/bin/cmake -E cmake_link_script CMakeFiles/cmTC_507f3.dir/link.txt --verbose=1
/usr/bin/c++        CMakeFiles/cmTC_507f3.dir/testCXXCompiler.cxx.o  -o cmTC_507f3 -rdynamic 
make[1]: выход из каталога «/data/git/DSA/lab3/build/CMakeFiles/CMakeTmp»


